(2007: 4:15:23:16) - (!) Internal-log-Socket Listening...
(2007: 4:15:23:16) - (!) Internal-log-Socket Listening...
(2007: 4:15:23:17) - (!) Internal-log-Socket Listening...
(2007: 4:15:23:18) - (!) Internal-log-Socket Listening...
(2007: 4:15:23:18) - (!) Internal-log-Socket Listening...
(2007: 4:15:23:20) - (!) Internal-log-Socket Listening...
(2007: 4:15:23:21) - (!) Internal-log-Socket Listening...
(2007: 4:15:23:26) - (!) Internal-log-Socket Listening...
(2007: 4:15:23:28) - (!) Internal-log-Socket Listening...
(2007: 4:15:23:31) - (!) Internal-log-Socket Listening...
(2007: 4:15:23:32) - (!) Internal-log-Socket Listening...
(2007: 4:15:23:33) - (!) Internal-log-Socket Listening...
(2007: 4:15:23:33) - (!) Log-Socket Listening... Server Activated.
(2007: 4:15:23:33) - Cleared
(2007: 4:15:23:34) - (!) Internal-log-Socket Listening...
(2007: 4:15:23:34) - (!) Log-Socket Listening... Server Activated.
(2007: 4:15:23:35) - (!) Internal-log-Socket Listening...
(2007: 4:15:23:35) - (!) Internal-log-Socket Listening...
(2007: 4:15:23:35) - (!) Internal-log-Socket Listening...
(2007: 4:15:23:36) - (!) Internal-log-Socket Listening...
(2007: 4:15:23:36) - (!) Internal-log-Socket Listening...
(2007: 4:15:23:37) - (!) Internal-log-Socket Listening...
(2007: 4:15:23:37) - (!) Internal-log-Socket Listening...
(2007: 4:15:23:37) - (!) Internal-log-Socket Listening...
(2007: 4:15:23:37) - (!) Internal-log-Socket Listening...
(2007: 4:15:23:40) - (!) Internal-log-Socket Listening...
(2007: 4:15:23:40) - (!) Internal-log-Socket Listening...
(2007: 4:15:23:41) - (!) Internal-log-Socket Listening...
(2007: 4:15:23:42) - (!) Internal-log-Socket Listening...
(2007: 4:15:23:43) - (!) Internal-log-Socket Listening...
(2007: 4:15:23:43) - (!) Internal-log-Socket Listening...
(2007: 4:15:23:44) - (!) Internal-log-Socket Listening...
(2007: 4:15:23:44) - (!) Internal-log-Socket Listening...
(2007: 4:15:23:44) - (!) Internal-log-Socket Listening...
(2007: 4:15:23:44) - (!) Internal-log-Socket Listening...
(2007: 4:15:23:44) - (!) Internal-log-Socket Listening...
(2007: 4:15:23:45) - (!) Internal-log-Socket Listening...
(2007: 4:15:23:45) - (!) Internal-log-Socket Listening...
(2007: 4:15:23:45) - (!) Internal-log-Socket Listening...
(2007: 4:15:23:46) - (!) Internal-log-Socket Listening...
(2007: 4:15:23:46) - (!) Internal-log-Socket Listening...
(2007: 4:15:23:46) - (!) Internal-log-Socket Listening...
(2007: 4:15:23:47) - (!) Internal-log-Socket Listening...
(2007: 4:15:23:50) - (!) Internal-log-Socket Listening...
(2007: 4:15:23:50) - (!) Log-Socket Listening... Server Activated.
(2007: 4:15:23:56) - (!) Internal-log-Socket Listening...
(2007: 4:15:23:56) - (!) Log-Socket Listening... Server Activated.
(2007: 4:15:23:57) - (!) Internal-log-Socket Listening...
(2007: 4:16: 0: 0) - (!) Internal-log-Socket Listening...
(2007: 4:16: 0: 4) - (!) Internal-log-Socket Listening...
(2007: 4:16: 0: 6) - (!) Internal-log-Socket Listening...
(2007: 4:16: 1: 9) - (!) Cannot open configuration file.
(2007: 4:16: 1:10) - (!) Cannot open configuration file.
(2007: 4:16: 1:10) - (!) Cannot open configuration file.
(2007: 6: 1:23: 7) - (!) Cannot open configuration file.
(2007: 6: 1:23: 7) - (!) Cannot open configuration file.
(2019: 9: 3:22:23) - (!) Cannot open configuration file.
(2019: 9: 5: 0:56) - (!) Cannot open configuration file.
